C:\USERS\IKANI\SKYDRIVE\SOFTWARE ENGINEERING\DATA STRUCTURES\AVL TREE\AVL TREE\DEBUG\AVL.OBJ
C:\USERS\IKANI\SKYDRIVE\SOFTWARE ENGINEERING\DATA STRUCTURES\AVL TREE\AVL TREE\DEBUG\AVL_DRIVER.OBJ
C:\USERS\IKANI\SKYDRIVE\SOFTWARE ENGINEERING\DATA STRUCTURES\AVL TREE\AVL TREE\DEBUG\VC110.PDB
C:\USERS\IKANI\SKYDRIVE\SOFTWARE ENGINEERING\DATA STRUCTURES\AVL TREE\DEBUG\AVL TREE.ILK
C:\USERS\IKANI\SKYDRIVE\SOFTWARE ENGINEERING\DATA STRUCTURES\AVL TREE\DEBUG\AVL TREE.EXE
C:\USERS\IKANI\SKYDRIVE\SOFTWARE ENGINEERING\DATA STRUCTURES\AVL TREE\DEBUG\AVL TREE.PDB
C:\Users\Ikani\SkyDrive\Software Engineering\Data Structures\AVL Tree\AVL Tree\Debug\AVL.obj
C:\Users\Ikani\SkyDrive\Software Engineering\Data Structures\AVL Tree\AVL Tree\Debug\AVL_driver.obj
C:\Users\Ikani\SkyDrive\Software Engineering\Data Structures\AVL Tree\AVL Tree\Debug\cl.command.1.tlog
C:\Users\Ikani\SkyDrive\Software Engineering\Data Structures\AVL Tree\AVL Tree\Debug\CL.read.1.tlog
C:\Users\Ikani\SkyDrive\Software Engineering\Data Structures\AVL Tree\AVL Tree\Debug\CL.write.1.tlog
C:\Users\Ikani\SkyDrive\Software Engineering\Data Structures\AVL Tree\AVL Tree\Debug\link-cvtres.read.1.tlog
C:\Users\Ikani\SkyDrive\Software Engineering\Data Structures\AVL Tree\AVL Tree\Debug\link-cvtres.write.1.tlog
C:\Users\Ikani\SkyDrive\Software Engineering\Data Structures\AVL Tree\AVL Tree\Debug\link-rc.read.1.tlog
C:\Users\Ikani\SkyDrive\Software Engineering\Data Structures\AVL Tree\AVL Tree\Debug\link-rc.write.1.tlog
C:\Users\Ikani\SkyDrive\Software Engineering\Data Structures\AVL Tree\AVL Tree\Debug\link.command.1.tlog
C:\Users\Ikani\SkyDrive\Software Engineering\Data Structures\AVL Tree\AVL Tree\Debug\link.read.1.tlog
C:\Users\Ikani\SkyDrive\Software Engineering\Data Structures\AVL Tree\AVL Tree\Debug\link.write.1.tlog
C:\Users\Ikani\SkyDrive\Software Engineering\Data Structures\AVL Tree\AVL Tree\Debug\vc110.idb
C:\Users\Ikani\SkyDrive\Software Engineering\Data Structures\AVL Tree\AVL Tree\Debug\vc110.pdb
C:\Users\Ikani\SkyDrive\Software Engineering\Data Structures\AVL Tree\Debug\AVL Tree.pdb
C:\Users\Ikani\SkyDrive\Software Engineering\Data Structures\AVL Tree\Debug\AVL Tree.exe
C:\Users\Ikani\SkyDrive\Software Engineering\Data Structures\AVL Tree\Debug\AVL Tree.ilk
